<?xml version="1.0" encoding="UTF-8"?>
<!-- Generated by org.testng.reporters.JUnitReportReporter -->
<testsuite hostname="M5-D-514SM6F" name="FIrstPackage.NewTest" tests="1" failures="0" timestamp="26 Mar 2019 05:57:10 GMT" time="0.038" errors="0">
  <testcase name="f" time="0.038" classname="FIrstPackage.NewTest"/>
</testsuite> <!-- FIrstPackage.NewTest -->
